<?xml version="1.0" encoding="UTF-8"?>
<coverage generated="1552681870862" clover="3.2.0">
  <project timestamp="1552681870862" name="All files">
    <metrics statements="88" coveredstatements="71" conditionals="86" coveredconditionals="51" methods="14" coveredmethods="13" elements="188" coveredelements="135" complexity="0" loc="88" ncloc="88" packages="1" files="2" classes="2"/>
    <file name="Norm.js" path="/home/zee/Documents/code/norm/src/Norm.js">
      <metrics statements="88" coveredstatements="71" conditionals="86" coveredconditionals="51" methods="14" coveredmethods="13"/>
      <line num="3" count="3" type="stmt"/>
      <line num="4" count="3" type="stmt"/>
      <line num="7" count="12" type="stmt"/>
      <line num="8" count="12" type="stmt"/>
      <line num="9" count="12" type="stmt"/>
      <line num="10" count="12" type="stmt"/>
      <line num="11" count="12" type="stmt"/>
      <line num="15" count="11" type="stmt"/>
      <line num="35" count="11" type="cond" truecount="2" falsecount="0"/>
      <line num="36" count="1" type="stmt"/>
      <line num="40" count="10" type="stmt"/>
      <line num="41" count="10" type="cond" truecount="2" falsecount="0"/>
      <line num="42" count="2" type="cond" truecount="1" falsecount="1"/>
      <line num="45" count="10" type="stmt"/>
      <line num="48" count="10" type="cond" truecount="5" falsecount="0"/>
      <line num="49" count="1" type="stmt"/>
      <line num="52" count="9" type="cond" truecount="2" falsecount="0"/>
      <line num="53" count="2" type="stmt"/>
      <line num="56" count="9" type="stmt"/>
      <line num="66" count="9" type="cond" truecount="2" falsecount="0"/>
      <line num="67" count="1" type="stmt"/>
      <line num="74" count="9" type="stmt"/>
      <line num="77" count="9" type="cond" truecount="4" falsecount="0"/>
      <line num="78" count="1" type="stmt"/>
      <line num="83" count="8" type="cond" truecount="2" falsecount="0"/>
      <line num="84" count="1" type="stmt"/>
      <line num="88" count="8" type="cond" truecount="2" falsecount="0"/>
      <line num="90" count="6" type="cond" truecount="2" falsecount="0"/>
      <line num="92" count="6" type="stmt"/>
      <line num="101" count="1" type="cond" truecount="1" falsecount="1"/>
      <line num="102" count="0" type="stmt"/>
      <line num="106" count="1" type="stmt"/>
      <line num="107" count="1" type="stmt"/>
      <line num="108" count="1" type="stmt"/>
      <line num="112" count="5" type="stmt"/>
      <line num="114" count="3" type="stmt"/>
      <line num="115" count="1" type="stmt"/>
      <line num="118" count="1" type="cond" truecount="1" falsecount="1"/>
      <line num="119" count="0" type="cond" truecount="0" falsecount="2"/>
      <line num="126" count="1" type="cond" truecount="1" falsecount="1"/>
      <line num="127" count="0" type="cond" truecount="0" falsecount="2"/>
      <line num="130" count="1" type="stmt"/>
      <line num="133" count="1" type="cond" truecount="1" falsecount="1"/>
      <line num="134" count="0" type="cond" truecount="0" falsecount="2"/>
      <line num="135" count="0" type="stmt"/>
      <line num="138" count="0" type="cond" truecount="0" falsecount="2"/>
      <line num="139" count="0" type="stmt"/>
      <line num="143" count="1" type="cond" truecount="1" falsecount="1"/>
      <line num="144" count="1" type="stmt"/>
      <line num="145" count="1" type="stmt"/>
      <line num="151" count="1" type="cond" truecount="1" falsecount="1"/>
      <line num="153" count="1" type="cond" truecount="1" falsecount="1"/>
      <line num="154" count="0" type="stmt"/>
      <line num="155" count="0" type="stmt"/>
      <line num="157" count="1" type="stmt"/>
      <line num="160" count="0" type="cond" truecount="0" falsecount="2"/>
      <line num="176" count="2" type="stmt"/>
      <line num="177" count="2" type="cond" truecount="1" falsecount="1"/>
      <line num="178" count="0" type="stmt"/>
      <line num="186" count="2" type="stmt"/>
      <line num="187" count="2" type="cond" truecount="2" falsecount="0"/>
      <line num="188" count="1" type="stmt"/>
      <line num="189" count="2" type="stmt"/>
      <line num="190" count="2" type="stmt"/>
      <line num="191" count="2" type="stmt"/>
      <line num="195" count="1" type="stmt"/>
      <line num="196" count="1" type="stmt"/>
      <line num="204" count="2" type="cond" truecount="2" falsecount="0"/>
      <line num="205" count="2" type="stmt"/>
      <line num="213" count="2" type="cond" truecount="2" falsecount="0"/>
      <line num="214" count="2" type="stmt"/>
      <line num="222" count="3" type="cond" truecount="1" falsecount="0"/>
      <line num="223" count="3" type="cond" truecount="1" falsecount="0"/>
      <line num="226" count="2" type="stmt"/>
      <line num="227" count="2" type="stmt"/>
      <line num="230" count="2" type="stmt"/>
      <line num="232" count="3" type="cond" truecount="1" falsecount="1"/>
      <line num="234" count="3" type="stmt"/>
      <line num="241" count="3" type="cond" truecount="1" falsecount="1"/>
      <line num="242" count="3" type="stmt"/>
      <line num="245" count="0" type="stmt"/>
      <line num="246" count="0" type="stmt"/>
      <line num="247" count="0" type="stmt"/>
      <line num="249" count="0" type="stmt"/>
      <line num="251" count="0" type="cond" truecount="0" falsecount="2"/>
      <line num="256" count="0" type="cond" truecount="0" falsecount="2"/>
      <line num="264" count="2" type="stmt"/>
      <line num="268" count="1" type="stmt"/>
    </file>
    <file name="index.js" path="/home/zee/Documents/code/norm/src/index.js">
      <metrics statements="0" coveredstatements="0" conditionals="0" coveredconditionals="0" methods="0" coveredmethods="0"/>
    </file>
  </project>
</coverage>
