{"/home/zee/Documents/code/norm/src/Norm.js": {"path":"/home/zee/Documents/code/norm/src/Norm.js","statementMap":{"0":{"start":{"line":3,"column":27},"end":{"line":3,"column":79}},"1":{"start":{"line":4,"column":29},"end":{"line":4,"column":69}},"2":{"start":{"line":7,"column":4},"end":{"line":7,"column":26}},"3":{"start":{"line":8,"column":4},"end":{"line":8,"column":20}},"4":{"start":{"line":9,"column":4},"end":{"line":9,"column":22}},"5":{"start":{"line":10,"column":4},"end":{"line":10,"column":24}},"6":{"start":{"line":11,"column":4},"end":{"line":11,"column":42}},"7":{"start":{"line":15,"column":4},"end":{"line":18,"column":5}},"8":{"start":{"line":35,"column":4},"end":{"line":37,"column":5}},"9":{"start":{"line":36,"column":6},"end":{"line":36,"column":77}},"10":{"start":{"line":40,"column":22},"end":{"line":40,"column":30}},"11":{"start":{"line":41,"column":4},"end":{"line":43,"column":5}},"12":{"start":{"line":42,"column":6},"end":{"line":42,"column":46}},"13":{"start":{"line":45,"column":19},"end":{"line":45,"column":21}},"14":{"start":{"line":48,"column":4},"end":{"line":54,"column":5}},"15":{"start":{"line":49,"column":6},"end":{"line":51,"column":7}},"16":{"start":{"line":52,"column":11},"end":{"line":54,"column":5}},"17":{"start":{"line":53,"column":6},"end":{"line":53,"column":37}},"18":{"start":{"line":56,"column":19},"end":{"line":63,"column":5}},"19":{"start":{"line":66,"column":4},"end":{"line":72,"column":5}},"20":{"start":{"line":67,"column":6},"end":{"line":71,"column":7}},"21":{"start":{"line":74,"column":4},"end":{"line":74,"column":34}},"22":{"start":{"line":77,"column":4},"end":{"line":85,"column":5}},"23":{"start":{"line":78,"column":6},"end":{"line":82,"column":7}},"24":{"start":{"line":83,"column":11},"end":{"line":85,"column":5}},"25":{"start":{"line":84,"column":6},"end":{"line":84,"column":22}},"26":{"start":{"line":88,"column":4},"end":{"line":93,"column":5}},"27":{"start":{"line":90,"column":23},"end":{"line":90,"column":45}},"28":{"start":{"line":92,"column":6},"end":{"line":92,"column":52}},"29":{"start":{"line":101,"column":4},"end":{"line":103,"column":5}},"30":{"start":{"line":102,"column":6},"end":{"line":102,"column":44}},"31":{"start":{"line":106,"column":15},"end":{"line":106,"column":40}},"32":{"start":{"line":107,"column":4},"end":{"line":107,"column":35}},"33":{"start":{"line":108,"column":4},"end":{"line":108,"column":24}},"34":{"start":{"line":112,"column":39},"end":{"line":112,"column":43}},"35":{"start":{"line":114,"column":4},"end":{"line":167,"column":6}},"36":{"start":{"line":115,"column":20},"end":{"line":115,"column":47}},"37":{"start":{"line":118,"column":6},"end":{"line":166,"column":7}},"38":{"start":{"line":119,"column":8},"end":{"line":123,"column":11}},"39":{"start":{"line":126,"column":8},"end":{"line":128,"column":9}},"40":{"start":{"line":127,"column":10},"end":{"line":127,"column":60}},"41":{"start":{"line":130,"column":23},"end":{"line":130,"column":45}},"42":{"start":{"line":133,"column":8},"end":{"line":141,"column":9}},"43":{"start":{"line":134,"column":10},"end":{"line":140,"column":11}},"44":{"start":{"line":135,"column":12},"end":{"line":137,"column":13}},"45":{"start":{"line":138,"column":17},"end":{"line":140,"column":11}},"46":{"start":{"line":139,"column":12},"end":{"line":139,"column":62}},"47":{"start":{"line":143,"column":8},"end":{"line":165,"column":9}},"48":{"start":{"line":144,"column":24},"end":{"line":144,"column":48}},"49":{"start":{"line":145,"column":44},"end":{"line":148,"column":11}},"50":{"start":{"line":151,"column":30},"end":{"line":151,"column":76}},"51":{"start":{"line":153,"column":10},"end":{"line":158,"column":11}},"52":{"start":{"line":154,"column":12},"end":{"line":154,"column":41}},"53":{"start":{"line":155,"column":12},"end":{"line":155,"column":59}},"54":{"start":{"line":157,"column":12},"end":{"line":157,"column":48}},"55":{"start":{"line":160,"column":10},"end":{"line":164,"column":13}},"56":{"start":{"line":176,"column":41},"end":{"line":176,"column":45}},"57":{"start":{"line":177,"column":4},"end":{"line":179,"column":5}},"58":{"start":{"line":178,"column":6},"end":{"line":178,"column":27}},"59":{"start":{"line":186,"column":24},"end":{"line":186,"column":26}},"60":{"start":{"line":187,"column":4},"end":{"line":197,"column":5}},"61":{"start":{"line":188,"column":6},"end":{"line":192,"column":8}},"62":{"start":{"line":189,"column":26},"end":{"line":189,"column":34}},"63":{"start":{"line":190,"column":8},"end":{"line":190,"column":49}},"64":{"start":{"line":191,"column":8},"end":{"line":191,"column":24}},"65":{"start":{"line":195,"column":6},"end":{"line":195,"column":41}},"66":{"start":{"line":196,"column":6},"end":{"line":196,"column":28}},"67":{"start":{"line":204,"column":21},"end":{"line":204,"column":43}},"68":{"start":{"line":205,"column":29},"end":{"line":210,"column":6}},"69":{"start":{"line":213,"column":4},"end":{"line":213,"column":58}},"70":{"start":{"line":214,"column":4},"end":{"line":214,"column":21}},"71":{"start":{"line":222,"column":21},"end":{"line":222,"column":22}},"72":{"start":{"line":223,"column":19},"end":{"line":223,"column":23}},"73":{"start":{"line":226,"column":15},"end":{"line":226,"column":17}},"74":{"start":{"line":227,"column":15},"end":{"line":227,"column":17}},"75":{"start":{"line":230,"column":4},"end":{"line":263,"column":6}},"76":{"start":{"line":232,"column":6},"end":{"line":262,"column":7}},"77":{"start":{"line":234,"column":8},"end":{"line":237,"column":9}},"78":{"start":{"line":241,"column":8},"end":{"line":250,"column":9}},"79":{"start":{"line":242,"column":10},"end":{"line":242,"column":31}},"80":{"start":{"line":245,"column":22},"end":{"line":245,"column":38}},"81":{"start":{"line":246,"column":10},"end":{"line":248,"column":12}},"82":{"start":{"line":247,"column":12},"end":{"line":247,"column":34}},"83":{"start":{"line":249,"column":10},"end":{"line":249,"column":28}},"84":{"start":{"line":251,"column":13},"end":{"line":262,"column":7}},"85":{"start":{"line":256,"column":8},"end":{"line":261,"column":12}},"86":{"start":{"line":264,"column":4},"end":{"line":264,"column":27}},"87":{"start":{"line":268,"column":4},"end":{"line":277,"column":5}}},"fnMap":{"0":{"name":"(anonymous_0)","decl":{"start":{"line":6,"column":2},"end":{"line":6,"column":3}},"loc":{"start":{"line":6,"column":74},"end":{"line":12,"column":3}},"line":6},"1":{"name":"(anonymous_1)","decl":{"start":{"line":14,"column":2},"end":{"line":14,"column":3}},"loc":{"start":{"line":14,"column":25},"end":{"line":19,"column":3}},"line":14},"2":{"name":"(anonymous_2)","decl":{"start":{"line":30,"column":2},"end":{"line":30,"column":3}},"loc":{"start":{"line":34,"column":4},"end":{"line":94,"column":3}},"line":34},"3":{"name":"(anonymous_3)","decl":{"start":{"line":100,"column":2},"end":{"line":100,"column":3}},"loc":{"start":{"line":100,"column":18},"end":{"line":109,"column":3}},"line":100},"4":{"name":"(anonymous_4)","decl":{"start":{"line":111,"column":2},"end":{"line":111,"column":3}},"loc":{"start":{"line":111,"column":38},"end":{"line":168,"column":3}},"line":111},"5":{"name":"(anonymous_5)","decl":{"start":{"line":114,"column":21},"end":{"line":114,"column":22}},"loc":{"start":{"line":114,"column":36},"end":{"line":167,"column":5}},"line":114},"6":{"name":"(anonymous_6)","decl":{"start":{"line":175,"column":2},"end":{"line":175,"column":3}},"loc":{"start":{"line":175,"column":29},"end":{"line":215,"column":3}},"line":175},"7":{"name":"(anonymous_7)","decl":{"start":{"line":188,"column":31},"end":{"line":188,"column":32}},"loc":{"start":{"line":188,"column":36},"end":{"line":192,"column":7}},"line":188},"8":{"name":"(anonymous_8)","decl":{"start":{"line":218,"column":2},"end":{"line":218,"column":3}},"loc":{"start":{"line":225,"column":5},"end":{"line":265,"column":3}},"line":225},"9":{"name":"(anonymous_9)","decl":{"start":{"line":222,"column":16},"end":{"line":222,"column":17}},"loc":{"start":{"line":222,"column":21},"end":{"line":222,"column":22}},"line":222},"10":{"name":"(anonymous_10)","decl":{"start":{"line":223,"column":13},"end":{"line":223,"column":14}},"loc":{"start":{"line":223,"column":19},"end":{"line":223,"column":23}},"line":223},"11":{"name":"(anonymous_11)","decl":{"start":{"line":230,"column":17},"end":{"line":230,"column":18}},"loc":{"start":{"line":230,"column":25},"end":{"line":263,"column":5}},"line":230},"12":{"name":"(anonymous_12)","decl":{"start":{"line":246,"column":32},"end":{"line":246,"column":33}},"loc":{"start":{"line":246,"column":39},"end":{"line":248,"column":11}},"line":246},"13":{"name":"(anonymous_13)","decl":{"start":{"line":267,"column":2},"end":{"line":267,"column":3}},"loc":{"start":{"line":267,"column":43},"end":{"line":278,"column":3}},"line":267}},"branchMap":{"0":{"loc":{"start":{"line":6,"column":14},"end":{"line":6,"column":72}},"type":"default-arg","locations":[{"start":{"line":6,"column":59},"end":{"line":6,"column":72}}],"line":6},"1":{"loc":{"start":{"line":6,"column":16},"end":{"line":6,"column":29}},"type":"default-arg","locations":[{"start":{"line":6,"column":25},"end":{"line":6,"column":29}}],"line":6},"2":{"loc":{"start":{"line":6,"column":31},"end":{"line":6,"column":54}},"type":"default-arg","locations":[{"start":{"line":6,"column":49},"end":{"line":6,"column":54}}],"line":6},"3":{"loc":{"start":{"line":32,"column":4},"end":{"line":32,"column":74}},"type":"default-arg","locations":[{"start":{"line":32,"column":63},"end":{"line":32,"column":74}}],"line":32},"4":{"loc":{"start":{"line":32,"column":6},"end":{"line":32,"column":15}},"type":"default-arg","locations":[{"start":{"line":32,"column":11},"end":{"line":32,"column":15}}],"line":32},"5":{"loc":{"start":{"line":32,"column":17},"end":{"line":32,"column":30}},"type":"default-arg","locations":[{"start":{"line":32,"column":28},"end":{"line":32,"column":30}}],"line":32},"6":{"loc":{"start":{"line":32,"column":32},"end":{"line":32,"column":44}},"type":"default-arg","locations":[{"start":{"line":32,"column":39},"end":{"line":32,"column":44}}],"line":32},"7":{"loc":{"start":{"line":32,"column":46},"end":{"line":32,"column":58}},"type":"default-arg","locations":[{"start":{"line":32,"column":53},"end":{"line":32,"column":58}}],"line":32},"8":{"loc":{"start":{"line":33,"column":4},"end":{"line":33,"column":16}},"type":"default-arg","locations":[{"start":{"line":33,"column":14},"end":{"line":33,"column":16}}],"line":33},"9":{"loc":{"start":{"line":35,"column":4},"end":{"line":37,"column":5}},"type":"if","locations":[{"start":{"line":35,"column":4},"end":{"line":37,"column":5}},{"start":{"line":35,"column":4},"end":{"line":37,"column":5}}],"line":35},"10":{"loc":{"start":{"line":41,"column":4},"end":{"line":43,"column":5}},"type":"if","locations":[{"start":{"line":41,"column":4},"end":{"line":43,"column":5}},{"start":{"line":41,"column":4},"end":{"line":43,"column":5}}],"line":41},"11":{"loc":{"start":{"line":42,"column":20},"end":{"line":42,"column":46}},"type":"cond-expr","locations":[{"start":{"line":42,"column":31},"end":{"line":42,"column":41}},{"start":{"line":42,"column":44},"end":{"line":42,"column":46}}],"line":42},"12":{"loc":{"start":{"line":48,"column":4},"end":{"line":54,"column":5}},"type":"if","locations":[{"start":{"line":48,"column":4},"end":{"line":54,"column":5}},{"start":{"line":48,"column":4},"end":{"line":54,"column":5}}],"line":48},"13":{"loc":{"start":{"line":48,"column":8},"end":{"line":48,"column":72}},"type":"binary-expr","locations":[{"start":{"line":48,"column":8},"end":{"line":48,"column":28}},{"start":{"line":48,"column":32},"end":{"line":48,"column":47}},{"start":{"line":48,"column":51},"end":{"line":48,"column":72}}],"line":48},"14":{"loc":{"start":{"line":52,"column":11},"end":{"line":54,"column":5}},"type":"if","locations":[{"start":{"line":52,"column":11},"end":{"line":54,"column":5}},{"start":{"line":52,"column":11},"end":{"line":54,"column":5}}],"line":52},"15":{"loc":{"start":{"line":66,"column":4},"end":{"line":72,"column":5}},"type":"if","locations":[{"start":{"line":66,"column":4},"end":{"line":72,"column":5}},{"start":{"line":66,"column":4},"end":{"line":72,"column":5}}],"line":66},"16":{"loc":{"start":{"line":77,"column":4},"end":{"line":85,"column":5}},"type":"if","locations":[{"start":{"line":77,"column":4},"end":{"line":85,"column":5}},{"start":{"line":77,"column":4},"end":{"line":85,"column":5}}],"line":77},"17":{"loc":{"start":{"line":77,"column":8},"end":{"line":77,"column":34}},"type":"binary-expr","locations":[{"start":{"line":77,"column":8},"end":{"line":77,"column":21}},{"start":{"line":77,"column":25},"end":{"line":77,"column":34}}],"line":77},"18":{"loc":{"start":{"line":83,"column":11},"end":{"line":85,"column":5}},"type":"if","locations":[{"start":{"line":83,"column":11},"end":{"line":85,"column":5}},{"start":{"line":83,"column":11},"end":{"line":85,"column":5}}],"line":83},"19":{"loc":{"start":{"line":88,"column":4},"end":{"line":93,"column":5}},"type":"if","locations":[{"start":{"line":88,"column":4},"end":{"line":93,"column":5}},{"start":{"line":88,"column":4},"end":{"line":93,"column":5}}],"line":88},"20":{"loc":{"start":{"line":90,"column":23},"end":{"line":90,"column":45}},"type":"binary-expr","locations":[{"start":{"line":90,"column":23},"end":{"line":90,"column":37}},{"start":{"line":90,"column":41},"end":{"line":90,"column":45}}],"line":90},"21":{"loc":{"start":{"line":101,"column":4},"end":{"line":103,"column":5}},"type":"if","locations":[{"start":{"line":101,"column":4},"end":{"line":103,"column":5}},{"start":{"line":101,"column":4},"end":{"line":103,"column":5}}],"line":101},"22":{"loc":{"start":{"line":118,"column":6},"end":{"line":166,"column":7}},"type":"if","locations":[{"start":{"line":118,"column":6},"end":{"line":166,"column":7}},{"start":{"line":118,"column":6},"end":{"line":166,"column":7}}],"line":118},"23":{"loc":{"start":{"line":119,"column":8},"end":{"line":123,"column":11}},"type":"binary-expr","locations":[{"start":{"line":119,"column":8},"end":{"line":119,"column":20}},{"start":{"line":120,"column":10},"end":{"line":123,"column":11}}],"line":119},"24":{"loc":{"start":{"line":121,"column":49},"end":{"line":122,"column":18}},"type":"binary-expr","locations":[{"start":{"line":121,"column":49},"end":{"line":121,"column":63}},{"start":{"line":122,"column":14},"end":{"line":122,"column":18}}],"line":121},"25":{"loc":{"start":{"line":126,"column":8},"end":{"line":128,"column":9}},"type":"if","locations":[{"start":{"line":126,"column":8},"end":{"line":128,"column":9}},{"start":{"line":126,"column":8},"end":{"line":128,"column":9}}],"line":126},"26":{"loc":{"start":{"line":127,"column":20},"end":{"line":127,"column":60}},"type":"binary-expr","locations":[{"start":{"line":127,"column":20},"end":{"line":127,"column":43}},{"start":{"line":127,"column":47},"end":{"line":127,"column":60}}],"line":127},"27":{"loc":{"start":{"line":133,"column":8},"end":{"line":141,"column":9}},"type":"if","locations":[{"start":{"line":133,"column":8},"end":{"line":141,"column":9}},{"start":{"line":133,"column":8},"end":{"line":141,"column":9}}],"line":133},"28":{"loc":{"start":{"line":134,"column":10},"end":{"line":140,"column":11}},"type":"if","locations":[{"start":{"line":134,"column":10},"end":{"line":140,"column":11}},{"start":{"line":134,"column":10},"end":{"line":140,"column":11}}],"line":134},"29":{"loc":{"start":{"line":138,"column":17},"end":{"line":140,"column":11}},"type":"if","locations":[{"start":{"line":138,"column":17},"end":{"line":140,"column":11}},{"start":{"line":138,"column":17},"end":{"line":140,"column":11}}],"line":138},"30":{"loc":{"start":{"line":143,"column":8},"end":{"line":165,"column":9}},"type":"if","locations":[{"start":{"line":143,"column":8},"end":{"line":165,"column":9}},{"start":{"line":143,"column":8},"end":{"line":165,"column":9}}],"line":143},"31":{"loc":{"start":{"line":146,"column":12},"end":{"line":146,"column":41}},"type":"cond-expr","locations":[{"start":{"line":146,"column":20},"end":{"line":146,"column":30}},{"start":{"line":146,"column":33},"end":{"line":146,"column":41}}],"line":146},"32":{"loc":{"start":{"line":151,"column":30},"end":{"line":151,"column":76}},"type":"cond-expr","locations":[{"start":{"line":151,"column":38},"end":{"line":151,"column":60}},{"start":{"line":151,"column":63},"end":{"line":151,"column":76}}],"line":151},"33":{"loc":{"start":{"line":153,"column":10},"end":{"line":158,"column":11}},"type":"if","locations":[{"start":{"line":153,"column":10},"end":{"line":158,"column":11}},{"start":{"line":153,"column":10},"end":{"line":158,"column":11}}],"line":153},"34":{"loc":{"start":{"line":160,"column":10},"end":{"line":164,"column":13}},"type":"binary-expr","locations":[{"start":{"line":160,"column":10},"end":{"line":160,"column":22}},{"start":{"line":161,"column":12},"end":{"line":164,"column":13}}],"line":160},"35":{"loc":{"start":{"line":162,"column":51},"end":{"line":163,"column":20}},"type":"binary-expr","locations":[{"start":{"line":162,"column":51},"end":{"line":162,"column":65}},{"start":{"line":163,"column":16},"end":{"line":163,"column":20}}],"line":162},"36":{"loc":{"start":{"line":177,"column":4},"end":{"line":179,"column":5}},"type":"if","locations":[{"start":{"line":177,"column":4},"end":{"line":179,"column":5}},{"start":{"line":177,"column":4},"end":{"line":179,"column":5}}],"line":177},"37":{"loc":{"start":{"line":187,"column":4},"end":{"line":197,"column":5}},"type":"if","locations":[{"start":{"line":187,"column":4},"end":{"line":197,"column":5}},{"start":{"line":187,"column":4},"end":{"line":197,"column":5}}],"line":187},"38":{"loc":{"start":{"line":204,"column":21},"end":{"line":204,"column":43}},"type":"binary-expr","locations":[{"start":{"line":204,"column":21},"end":{"line":204,"column":35}},{"start":{"line":204,"column":39},"end":{"line":204,"column":43}}],"line":204},"39":{"loc":{"start":{"line":213,"column":4},"end":{"line":213,"column":58}},"type":"binary-expr","locations":[{"start":{"line":213,"column":4},"end":{"line":213,"column":9}},{"start":{"line":213,"column":13},"end":{"line":213,"column":58}}],"line":213},"40":{"loc":{"start":{"line":221,"column":4},"end":{"line":221,"column":22}},"type":"default-arg","locations":[{"start":{"line":221,"column":20},"end":{"line":221,"column":22}}],"line":221},"41":{"loc":{"start":{"line":222,"column":4},"end":{"line":222,"column":22}},"type":"default-arg","locations":[{"start":{"line":222,"column":16},"end":{"line":222,"column":22}}],"line":222},"42":{"loc":{"start":{"line":223,"column":4},"end":{"line":223,"column":23}},"type":"default-arg","locations":[{"start":{"line":223,"column":13},"end":{"line":223,"column":23}}],"line":223},"43":{"loc":{"start":{"line":232,"column":6},"end":{"line":262,"column":7}},"type":"if","locations":[{"start":{"line":232,"column":6},"end":{"line":262,"column":7}},{"start":{"line":232,"column":6},"end":{"line":262,"column":7}}],"line":232},"44":{"loc":{"start":{"line":241,"column":8},"end":{"line":250,"column":9}},"type":"if","locations":[{"start":{"line":241,"column":8},"end":{"line":250,"column":9}},{"start":{"line":241,"column":8},"end":{"line":250,"column":9}}],"line":241},"45":{"loc":{"start":{"line":251,"column":13},"end":{"line":262,"column":7}},"type":"if","locations":[{"start":{"line":251,"column":13},"end":{"line":262,"column":7}},{"start":{"line":251,"column":13},"end":{"line":262,"column":7}}],"line":251},"46":{"loc":{"start":{"line":252,"column":8},"end":{"line":253,"column":57}},"type":"binary-expr","locations":[{"start":{"line":252,"column":8},"end":{"line":252,"column":46}},{"start":{"line":253,"column":9},"end":{"line":253,"column":39}},{"start":{"line":253,"column":43},"end":{"line":253,"column":56}}],"line":252},"47":{"loc":{"start":{"line":256,"column":8},"end":{"line":261,"column":12}},"type":"binary-expr","locations":[{"start":{"line":256,"column":8},"end":{"line":256,"column":20}},{"start":{"line":257,"column":10},"end":{"line":261,"column":12}}],"line":256}},"s":{"0":3,"1":3,"2":12,"3":12,"4":12,"5":12,"6":12,"7":11,"8":11,"9":1,"10":10,"11":10,"12":2,"13":10,"14":10,"15":1,"16":9,"17":2,"18":9,"19":9,"20":1,"21":9,"22":9,"23":1,"24":8,"25":1,"26":8,"27":6,"28":6,"29":1,"30":0,"31":1,"32":1,"33":1,"34":5,"35":3,"36":1,"37":1,"38":0,"39":1,"40":0,"41":1,"42":1,"43":0,"44":0,"45":0,"46":0,"47":1,"48":1,"49":1,"50":1,"51":1,"52":0,"53":0,"54":1,"55":0,"56":2,"57":2,"58":0,"59":2,"60":2,"61":1,"62":2,"63":2,"64":2,"65":1,"66":1,"67":2,"68":2,"69":2,"70":2,"71":3,"72":3,"73":2,"74":2,"75":2,"76":3,"77":3,"78":3,"79":3,"80":0,"81":0,"82":0,"83":0,"84":0,"85":0,"86":2,"87":1},"f":{"0":12,"1":11,"2":11,"3":1,"4":5,"5":1,"6":2,"7":2,"8":2,"9":3,"10":3,"11":3,"12":0,"13":1},"b":{"0":[12],"1":[0],"2":[0],"3":[6],"4":[5],"5":[2],"6":[3],"7":[3],"8":[10],"9":[1,10],"10":[2,8],"11":[2,0],"12":[1,9],"13":[10,3,2],"14":[2,7],"15":[1,8],"16":[1,8],"17":[9,2],"18":[1,7],"19":[6,2],"20":[6,6],"21":[0,1],"22":[0,1],"23":[0,0],"24":[0,0],"25":[0,1],"26":[0,0],"27":[0,1],"28":[0,0],"29":[0,0],"30":[1,0],"31":[0,1],"32":[0,1],"33":[0,1],"34":[0,0],"35":[0,0],"36":[0,2],"37":[1,1],"38":[2,2],"39":[2,1],"40":[2],"41":[2],"42":[2],"43":[3,0],"44":[3,0],"45":[0,0],"46":[0,0,0],"47":[0,0]},"_coverageSchema":"43e27e138ebf9cfc5966b082cf9a028302ed4184","hash":"d8d2e043dfcc216b07da89bcd86dbb755bba55d3"}
,"/home/zee/Documents/code/norm/src/index.js": {"path":"/home/zee/Documents/code/norm/src/index.js","statementMap":{},"fnMap":{},"branchMap":{},"s":{},"f":{},"b":{},"_coverageSchema":"43e27e138ebf9cfc5966b082cf9a028302ed4184","hash":"cb11ccc4e75cdd202ae23d01aacc14971730bfbb"}
}
