{"/home/zee/Documents/code/norm/src/index.d.ts": {"path":"/home/zee/Documents/code/norm/src/index.d.ts","statementMap":{},"fnMap":{},"branchMap":{},"s":{},"f":{},"b":{}}
,"/home/zee/Documents/code/norm/src/index.ts": {"path":"/home/zee/Documents/code/norm/src/index.ts","statementMap":{},"fnMap":{},"branchMap":{},"s":{},"f":{},"b":{},"_coverageSchema":"43e27e138ebf9cfc5966b082cf9a028302ed4184","hash":"86531d34e1ed08849a39e22fea392508befc7b8b"}
,"/home/zee/Documents/code/norm/src/constants/defaults.ts": {"path":"/home/zee/Documents/code/norm/src/constants/defaults.ts","statementMap":{"0":{"start":{"line":3,"column":27},"end":{"line":3,"column":43}},"1":{"start":{"line":4,"column":39},"end":{"line":12,"column":1}},"2":{"start":{"line":13,"column":29},"end":{"line":13,"column":69}},"3":{"start":{"line":15,"column":29},"end":{"line":20,"column":3}},"4":{"start":{"line":16,"column":4},"end":{"line":19,"column":5}}},"fnMap":{"0":{"name":"(anonymous_0)","decl":{"start":{"line":15,"column":29},"end":{"line":15,"column":30}},"loc":{"start":{"line":15,"column":53},"end":{"line":20,"column":3}},"line":15}},"branchMap":{},"s":{"0":3,"1":3,"2":3,"3":3,"4":8},"f":{"0":8},"b":{},"_coverageSchema":"43e27e138ebf9cfc5966b082cf9a028302ed4184","hash":"502d571f4b8a9923f6898627059cfd591056b25c"}
,"/home/zee/Documents/code/norm/src/methods/_normalizeSubNodes.ts": {"path":"/home/zee/Documents/code/norm/src/methods/_normalizeSubNodes.ts","statementMap":{"0":{"start":{"line":13,"column":6},"end":{"line":13,"column":10}},"1":{"start":{"line":15,"column":2},"end":{"line":81,"column":4}},"2":{"start":{"line":17,"column":4},"end":{"line":19,"column":5}},"3":{"start":{"line":18,"column":6},"end":{"line":18,"column":60}},"4":{"start":{"line":20,"column":4},"end":{"line":20,"column":41}},"5":{"start":{"line":23,"column":4},"end":{"line":25,"column":5}},"6":{"start":{"line":24,"column":6},"end":{"line":24,"column":46}},"7":{"start":{"line":27,"column":19},"end":{"line":27,"column":41}},"8":{"start":{"line":30,"column":4},"end":{"line":42,"column":5}},"9":{"start":{"line":31,"column":6},"end":{"line":41,"column":7}},"10":{"start":{"line":32,"column":8},"end":{"line":34,"column":9}},"11":{"start":{"line":35,"column":13},"end":{"line":41,"column":7}},"12":{"start":{"line":36,"column":8},"end":{"line":36,"column":50}},"13":{"start":{"line":38,"column":8},"end":{"line":40,"column":9}},"14":{"start":{"line":44,"column":4},"end":{"line":80,"column":5}},"15":{"start":{"line":46,"column":20},"end":{"line":46,"column":44}},"16":{"start":{"line":48,"column":28},"end":{"line":54,"column":8}},"17":{"start":{"line":57,"column":26},"end":{"line":57,"column":78}},"18":{"start":{"line":59,"column":6},"end":{"line":64,"column":7}},"19":{"start":{"line":60,"column":8},"end":{"line":60,"column":37}},"20":{"start":{"line":61,"column":8},"end":{"line":61,"column":47}},"21":{"start":{"line":63,"column":8},"end":{"line":63,"column":44}},"22":{"start":{"line":66,"column":6},"end":{"line":70,"column":10}},"23":{"start":{"line":73,"column":6},"end":{"line":73,"column":44}},"24":{"start":{"line":75,"column":6},"end":{"line":79,"column":9}}},"fnMap":{"0":{"name":"_normalizeSubNodes","decl":{"start":{"line":4,"column":24},"end":{"line":4,"column":42}},"loc":{"start":{"line":4,"column":81},"end":{"line":82,"column":1}},"line":4},"1":{"name":"(anonymous_1)","decl":{"start":{"line":15,"column":35},"end":{"line":15,"column":36}},"loc":{"start":{"line":15,"column":65},"end":{"line":81,"column":3}},"line":15}},"branchMap":{"0":{"loc":{"start":{"line":17,"column":4},"end":{"line":19,"column":5}},"type":"if","locations":[{"start":{"line":17,"column":4},"end":{"line":19,"column":5}},{"start":{"line":17,"column":4},"end":{"line":19,"column":5}}],"line":17},"1":{"loc":{"start":{"line":23,"column":4},"end":{"line":25,"column":5}},"type":"if","locations":[{"start":{"line":23,"column":4},"end":{"line":25,"column":5}},{"start":{"line":23,"column":4},"end":{"line":25,"column":5}}],"line":23},"2":{"loc":{"start":{"line":30,"column":4},"end":{"line":42,"column":5}},"type":"if","locations":[{"start":{"line":30,"column":4},"end":{"line":42,"column":5}},{"start":{"line":30,"column":4},"end":{"line":42,"column":5}}],"line":30},"3":{"loc":{"start":{"line":31,"column":6},"end":{"line":41,"column":7}},"type":"if","locations":[{"start":{"line":31,"column":6},"end":{"line":41,"column":7}},{"start":{"line":31,"column":6},"end":{"line":41,"column":7}}],"line":31},"4":{"loc":{"start":{"line":35,"column":13},"end":{"line":41,"column":7}},"type":"if","locations":[{"start":{"line":35,"column":13},"end":{"line":41,"column":7}},{"start":{"line":35,"column":13},"end":{"line":41,"column":7}}],"line":35},"5":{"loc":{"start":{"line":44,"column":4},"end":{"line":80,"column":5}},"type":"if","locations":[{"start":{"line":44,"column":4},"end":{"line":80,"column":5}},{"start":{"line":44,"column":4},"end":{"line":80,"column":5}}],"line":44},"6":{"loc":{"start":{"line":49,"column":14},"end":{"line":49,"column":43}},"type":"cond-expr","locations":[{"start":{"line":49,"column":22},"end":{"line":49,"column":32}},{"start":{"line":49,"column":35},"end":{"line":49,"column":43}}],"line":49},"7":{"loc":{"start":{"line":57,"column":26},"end":{"line":57,"column":78}},"type":"cond-expr","locations":[{"start":{"line":57,"column":34},"end":{"line":57,"column":55}},{"start":{"line":57,"column":58},"end":{"line":57,"column":78}}],"line":57},"8":{"loc":{"start":{"line":59,"column":6},"end":{"line":64,"column":7}},"type":"if","locations":[{"start":{"line":59,"column":6},"end":{"line":64,"column":7}},{"start":{"line":59,"column":6},"end":{"line":64,"column":7}}],"line":59},"9":{"loc":{"start":{"line":66,"column":6},"end":{"line":70,"column":10}},"type":"binary-expr","locations":[{"start":{"line":66,"column":6},"end":{"line":66,"column":19}},{"start":{"line":67,"column":8},"end":{"line":70,"column":10}}],"line":66},"10":{"loc":{"start":{"line":69,"column":20},"end":{"line":69,"column":50}},"type":"binary-expr","locations":[{"start":{"line":69,"column":20},"end":{"line":69,"column":34}},{"start":{"line":69,"column":38},"end":{"line":69,"column":50}}],"line":69},"11":{"loc":{"start":{"line":75,"column":6},"end":{"line":79,"column":9}},"type":"binary-expr","locations":[{"start":{"line":75,"column":6},"end":{"line":75,"column":18}},{"start":{"line":76,"column":8},"end":{"line":79,"column":9}}],"line":75},"12":{"loc":{"start":{"line":77,"column":47},"end":{"line":78,"column":16}},"type":"binary-expr","locations":[{"start":{"line":77,"column":47},"end":{"line":77,"column":53}},{"start":{"line":78,"column":12},"end":{"line":78,"column":16}}],"line":77}},"s":{"0":12,"1":12,"2":12,"3":3,"4":12,"5":12,"6":2,"7":12,"8":12,"9":3,"10":1,"11":2,"12":1,"13":1,"14":10,"15":4,"16":4,"17":4,"18":4,"19":2,"20":2,"21":2,"22":4,"23":4,"24":6},"f":{"0":12,"1":12},"b":{"0":[3,9],"1":[2,10],"2":[3,9],"3":[1,2],"4":[1,1],"5":[4,6],"6":[1,3],"7":[1,3],"8":[2,2],"9":[4,4],"10":[4,2],"11":[6,1],"12":[1,1]},"_coverageSchema":"43e27e138ebf9cfc5966b082cf9a028302ed4184","hash":"f754cff7dfca0058553278e6c527c6ab725e757e"}
,"/home/zee/Documents/code/norm/src/methods/addNode.ts": {"path":"/home/zee/Documents/code/norm/src/methods/addNode.ts","statementMap":{"0":{"start":{"line":9,"column":2},"end":{"line":18,"column":3}},"1":{"start":{"line":10,"column":4},"end":{"line":10,"column":75}},"2":{"start":{"line":11,"column":9},"end":{"line":18,"column":3}},"3":{"start":{"line":15,"column":4},"end":{"line":17,"column":5}},"4":{"start":{"line":21,"column":2},"end":{"line":25,"column":3}},"5":{"start":{"line":22,"column":4},"end":{"line":24,"column":5}},"6":{"start":{"line":27,"column":25},"end":{"line":31,"column":3}},"7":{"start":{"line":34,"column":2},"end":{"line":43,"column":3}},"8":{"start":{"line":35,"column":4},"end":{"line":42,"column":5}},"9":{"start":{"line":46,"column":2},"end":{"line":46,"column":32}},"10":{"start":{"line":49,"column":2},"end":{"line":57,"column":3}},"11":{"start":{"line":50,"column":4},"end":{"line":54,"column":5}},"12":{"start":{"line":55,"column":9},"end":{"line":57,"column":3}},"13":{"start":{"line":56,"column":4},"end":{"line":56,"column":20}},"14":{"start":{"line":60,"column":2},"end":{"line":65,"column":3}},"15":{"start":{"line":62,"column":21},"end":{"line":62,"column":43}},"16":{"start":{"line":64,"column":4},"end":{"line":64,"column":45}}},"fnMap":{"0":{"name":"addNode","decl":{"start":{"line":4,"column":24},"end":{"line":4,"column":31}},"loc":{"start":{"line":8,"column":8},"end":{"line":66,"column":1}},"line":8}},"branchMap":{"0":{"loc":{"start":{"line":6,"column":2},"end":{"line":6,"column":35}},"type":"default-arg","locations":[{"start":{"line":6,"column":33},"end":{"line":6,"column":35}}],"line":6},"1":{"loc":{"start":{"line":7,"column":2},"end":{"line":7,"column":35}},"type":"default-arg","locations":[{"start":{"line":7,"column":21},"end":{"line":7,"column":35}}],"line":7},"2":{"loc":{"start":{"line":9,"column":2},"end":{"line":18,"column":3}},"type":"if","locations":[{"start":{"line":9,"column":2},"end":{"line":18,"column":3}},{"start":{"line":9,"column":2},"end":{"line":18,"column":3}}],"line":9},"3":{"loc":{"start":{"line":11,"column":9},"end":{"line":18,"column":3}},"type":"if","locations":[{"start":{"line":11,"column":9},"end":{"line":18,"column":3}},{"start":{"line":11,"column":9},"end":{"line":18,"column":3}}],"line":11},"4":{"loc":{"start":{"line":12,"column":4},"end":{"line":13,"column":61}},"type":"binary-expr","locations":[{"start":{"line":12,"column":4},"end":{"line":12,"column":12}},{"start":{"line":13,"column":5},"end":{"line":13,"column":33}},{"start":{"line":13,"column":37},"end":{"line":13,"column":60}}],"line":12},"5":{"loc":{"start":{"line":21,"column":2},"end":{"line":25,"column":3}},"type":"if","locations":[{"start":{"line":21,"column":2},"end":{"line":25,"column":3}},{"start":{"line":21,"column":2},"end":{"line":25,"column":3}}],"line":21},"6":{"loc":{"start":{"line":21,"column":6},"end":{"line":21,"column":70}},"type":"binary-expr","locations":[{"start":{"line":21,"column":6},"end":{"line":21,"column":26}},{"start":{"line":21,"column":30},"end":{"line":21,"column":45}},{"start":{"line":21,"column":49},"end":{"line":21,"column":70}}],"line":21},"7":{"loc":{"start":{"line":34,"column":2},"end":{"line":43,"column":3}},"type":"if","locations":[{"start":{"line":34,"column":2},"end":{"line":43,"column":3}},{"start":{"line":34,"column":2},"end":{"line":43,"column":3}}],"line":34},"8":{"loc":{"start":{"line":49,"column":2},"end":{"line":57,"column":3}},"type":"if","locations":[{"start":{"line":49,"column":2},"end":{"line":57,"column":3}},{"start":{"line":49,"column":2},"end":{"line":57,"column":3}}],"line":49},"9":{"loc":{"start":{"line":49,"column":6},"end":{"line":49,"column":40}},"type":"binary-expr","locations":[{"start":{"line":49,"column":6},"end":{"line":49,"column":27}},{"start":{"line":49,"column":31},"end":{"line":49,"column":40}}],"line":49},"10":{"loc":{"start":{"line":55,"column":9},"end":{"line":57,"column":3}},"type":"if","locations":[{"start":{"line":55,"column":9},"end":{"line":57,"column":3}},{"start":{"line":55,"column":9},"end":{"line":57,"column":3}}],"line":55},"11":{"loc":{"start":{"line":60,"column":2},"end":{"line":65,"column":3}},"type":"if","locations":[{"start":{"line":60,"column":2},"end":{"line":65,"column":3}},{"start":{"line":60,"column":2},"end":{"line":65,"column":3}}],"line":60},"12":{"loc":{"start":{"line":62,"column":21},"end":{"line":62,"column":43}},"type":"binary-expr","locations":[{"start":{"line":62,"column":21},"end":{"line":62,"column":35}},{"start":{"line":62,"column":39},"end":{"line":62,"column":43}}],"line":62}},"s":{"0":11,"1":1,"2":10,"3":1,"4":9,"5":1,"6":8,"7":8,"8":1,"9":8,"10":8,"11":1,"12":7,"13":1,"14":7,"15":5,"16":5},"f":{"0":11},"b":{"0":[7],"1":[5],"2":[1,10],"3":[1,9],"4":[10,10,10],"5":[1,8],"6":[9,3,2],"7":[1,7],"8":[1,7],"9":[8,2],"10":[1,6],"11":[5,2],"12":[5,4]},"_coverageSchema":"43e27e138ebf9cfc5966b082cf9a028302ed4184","hash":"1459afe4423fb839d0824305b0b2651748469e5e"}
}
