TN:
SF:/home/zee/Documents/code/norm/src/Node.ts
FN:16,(anonymous_0)
FN:24,(anonymous_1)
FN:34,(anonymous_2)
FNF:3
FNH:3
FNDA:7,(anonymous_0)
FNDA:4,(anonymous_1)
FNDA:32,(anonymous_2)
DA:17,7
DA:18,7
DA:19,7
DA:20,7
DA:25,4
DA:35,32
DA:36,32
LF:7
LH:7
BRF:0
BRH:0
end_of_record
TN:
SF:/home/zee/Documents/code/norm/src/Norm.ts
FN:20,(anonymous_0)
FNF:1
FNH:1
FNDA:5,(anonymous_0)
DA:21,5
DA:22,5
DA:23,5
DA:24,5
DA:25,5
LF:5
LH:5
BRDA:20,0,0,3
BRDA:20,1,0,1
BRDA:20,2,0,1
BRF:3
BRH:3
end_of_record
TN:
SF:/home/zee/Documents/code/norm/src/index.d.ts
FNF:0
FNH:0
LF:0
LH:0
BRF:0
BRH:0
end_of_record
TN:
SF:/home/zee/Documents/code/norm/src/constants/defaults.ts
FN:13,(anonymous_0)
FNF:1
FNH:1
FNDA:4,(anonymous_0)
DA:3,12
DA:4,12
DA:11,12
DA:13,12
DA:14,4
LF:5
LH:5
BRF:0
BRH:0
end_of_record
TN:
SF:/home/zee/Documents/code/norm/src/methods/_addNormData.ts
FN:3,_addNormData
FN:7,(anonymous_1)
FNF:2
FNH:2
FNDA:8,_addNormData
FNDA:4,(anonymous_1)
DA:4,8
DA:5,8
DA:7,8
DA:9,8
LF:4
LH:4
BRDA:4,0,0,8
BRDA:4,0,1,4
BRDA:7,1,0,4
BRDA:7,1,1,4
BRF:4
BRH:4
end_of_record
TN:
SF:/home/zee/Documents/code/norm/src/methods/_normalizeSubNodes.ts
FN:3,_normalizeSubNodes
FN:11,(anonymous_1)
FNF:2
FNH:2
FNDA:19,_normalizeSubNodes
FNDA:11,(anonymous_1)
DA:8,19
DA:11,19
DA:12,11
DA:13,11
DA:20,11
DA:22,11
DA:25,11
DA:26,7
DA:27,1
DA:30,6
DA:31,5
DA:33,1
DA:39,9
DA:41,8
DA:43,8
DA:52,8
DA:54,8
DA:56,8
DA:63,8
DA:65,1
LF:20
LH:20
BRDA:6,0,0,1
BRDA:25,1,0,7
BRDA:25,1,1,4
BRDA:26,2,0,1
BRDA:26,2,1,6
BRDA:30,3,0,5
BRDA:30,3,1,1
BRDA:39,4,0,8
BRDA:39,4,1,1
BRDA:44,5,0,4
BRDA:44,5,1,4
BRDA:52,6,0,4
BRDA:52,6,1,4
BRDA:56,7,0,8
BRDA:56,7,1,8
BRDA:65,8,0,1
BRDA:65,8,1,1
BRF:17
BRH:17
end_of_record
TN:
SF:/home/zee/Documents/code/norm/src/methods/addRoot.ts
FN:7,addNode
FNF:1
FNH:1
FNDA:5,addNode
DA:12,5
DA:13,1
DA:14,4
DA:18,1
DA:22,3
DA:23,3
DA:24,3
LF:7
LH:7
BRDA:9,0,0,2
BRDA:10,1,0,3
BRDA:12,2,0,1
BRDA:12,2,1,4
BRDA:14,3,0,1
BRDA:14,3,1,3
BRDA:15,4,0,4
BRDA:15,4,1,4
BRDA:15,4,2,4
BRF:9
BRH:9
end_of_record
TN:
SF:/home/zee/Documents/code/norm/src/methods/define.ts
FN:7,define
FN:22,(anonymous_1)
FNF:2
FNH:2
FNDA:9,define
FNDA:6,(anonymous_1)
DA:11,9
DA:15,1
DA:20,8
DA:22,8
DA:23,6
DA:24,1
DA:28,5
DA:29,4
DA:30,4
DA:31,4
DA:32,4
DA:37,6
DA:43,6
LF:13
LH:13
BRDA:8,0,0,1
BRDA:9,1,0,4
BRDA:11,2,0,1
BRDA:11,2,1,8
BRDA:12,3,0,9
BRDA:12,3,1,9
BRDA:12,3,2,9
BRDA:23,4,0,1
BRDA:23,4,1,5
BRDA:23,5,0,6
BRDA:23,5,1,4
BRF:11
BRH:11
end_of_record
TN:
SF:/home/zee/Documents/code/norm/src/methods/index.ts
FNF:0
FNH:0
LF:0
LH:0
BRF:0
BRH:0
end_of_record
