TN:
SF:/home/zee/Documents/code/norm/src/index.d.ts
FNF:0
FNH:0
LF:0
LH:0
BRF:0
BRH:0
end_of_record
TN:
SF:/home/zee/Documents/code/norm/src/index.ts
FNF:0
FNH:0
LF:0
LH:0
BRF:0
BRH:0
end_of_record
TN:
SF:/home/zee/Documents/code/norm/src/constants/defaults.ts
FN:15,(anonymous_0)
FNF:1
FNH:1
FNDA:8,(anonymous_0)
DA:3,3
DA:4,3
DA:13,3
DA:15,3
DA:16,8
LF:5
LH:5
BRF:0
BRH:0
end_of_record
TN:
SF:/home/zee/Documents/code/norm/src/methods/_normalizeSubNodes.ts
FN:4,_normalizeSubNodes
FN:15,(anonymous_1)
FNF:2
FNH:2
FNDA:12,_normalizeSubNodes
FNDA:12,(anonymous_1)
DA:13,12
DA:15,12
DA:17,12
DA:18,3
DA:20,12
DA:23,12
DA:24,2
DA:27,12
DA:30,12
DA:31,3
DA:32,1
DA:35,2
DA:36,1
DA:38,1
DA:44,10
DA:46,4
DA:48,4
DA:57,4
DA:59,4
DA:60,2
DA:61,2
DA:63,2
DA:66,4
DA:73,4
DA:75,6
LF:25
LH:25
BRDA:17,0,0,3
BRDA:17,0,1,9
BRDA:23,1,0,2
BRDA:23,1,1,10
BRDA:30,2,0,3
BRDA:30,2,1,9
BRDA:31,3,0,1
BRDA:31,3,1,2
BRDA:35,4,0,1
BRDA:35,4,1,1
BRDA:44,5,0,4
BRDA:44,5,1,6
BRDA:49,6,0,1
BRDA:49,6,1,3
BRDA:57,7,0,1
BRDA:57,7,1,3
BRDA:59,8,0,2
BRDA:59,8,1,2
BRDA:66,9,0,4
BRDA:66,9,1,4
BRDA:69,10,0,4
BRDA:69,10,1,2
BRDA:75,11,0,6
BRDA:75,11,1,1
BRDA:77,12,0,1
BRDA:77,12,1,1
BRF:26
BRH:26
end_of_record
TN:
SF:/home/zee/Documents/code/norm/src/methods/addNode.ts
FN:4,addNode
FNF:1
FNH:1
FNDA:11,addNode
DA:9,11
DA:10,1
DA:11,10
DA:15,1
DA:21,9
DA:22,1
DA:27,8
DA:34,8
DA:35,1
DA:46,8
DA:49,8
DA:50,1
DA:55,7
DA:56,1
DA:60,7
DA:62,5
DA:64,5
LF:17
LH:17
BRDA:6,0,0,7
BRDA:7,1,0,5
BRDA:9,2,0,1
BRDA:9,2,1,10
BRDA:11,3,0,1
BRDA:11,3,1,9
BRDA:12,4,0,10
BRDA:12,4,1,10
BRDA:12,4,2,10
BRDA:21,5,0,1
BRDA:21,5,1,8
BRDA:21,6,0,9
BRDA:21,6,1,3
BRDA:21,6,2,2
BRDA:34,7,0,1
BRDA:34,7,1,7
BRDA:49,8,0,1
BRDA:49,8,1,7
BRDA:49,9,0,8
BRDA:49,9,1,2
BRDA:55,10,0,1
BRDA:55,10,1,6
BRDA:60,11,0,5
BRDA:60,11,1,2
BRDA:62,12,0,5
BRDA:62,12,1,4
BRF:26
BRH:26
end_of_record
